<?xml version="1.0" encoding="UTF-8" ?>
<testsuite tests="0" failures="0" name="base.TestBase" time="0" errors="0" skipped="0">
  <properties>
    <property name="idea.version" value="2021.3.2"/>
    <property name="java.runtime.name" value="OpenJDK Runtime Environment"/>
    <property name="java.vm.version" value="11.0.14+9-LTS"/>
    <property name="sun.boot.library.path" value="C:\Program Files\Zulu\zulu-11\bin"/>
    <property name="maven.wagon.http.ssl.insecure" value="true"/>
    <property name="jdk.vendor.version" value="Zulu11.54+23-CA"/>
    <property name="maven.multiModuleProjectDirectory" value="C:\BIS_FRAUD\TUTORIALS\POMSampleCucumber"/>
    <property name="java.vm.vendor" value="Azul Systems, Inc."/>
    <property name="java.vendor.url" value="http://www.azul.com/"/>
    <property name="guice.disable.misplaced.annotation.check" value="true"/>
    <property name="path.separator" value=";"/>
    <property name="java.vm.name" value="OpenJDK 64-Bit Server VM"/>
    <property name="sun.os.patch.level" value=""/>
    <property name="user.script" value=""/>
    <property name="sun.java.launcher" value="SUN_STANDARD"/>
    <property name="user.country" value="US"/>
    <property name="java.vm.specification.name" value="Java Virtual Machine Specification"/>
    <property name="user.dir" value="C:\BIS_FRAUD\TUTORIALS\POMSampleCucumber"/>
    <property name="java.vm.compressedOopsMode" value="Zero based"/>
    <property name="java.runtime.version" value="11.0.14+9-LTS"/>
    <property name="java.awt.graphicsenv" value="sun.awt.Win32GraphicsEnvironment"/>
    <property name="os.arch" value="amd64"/>
    <property name="java.io.tmpdir" value="C:\Users\c56827a\AppData\Local\Temp\1\"/>
    <property name="line.separator" value="
"/>
    <property name="java.vm.specification.vendor" value="Oracle Corporation"/>
    <property name="user.variant" value=""/>
    <property name="os.name" value="Windows 10"/>
    <property name="maven.ext.class.path" value="C:\softwares_installed\IntelliJU\IntelliJ IDEA 2021.3.2\plugins\maven\lib\maven-event-listener.jar"/>
    <property name="classworlds.conf" value="C:\softwares_installed\IntelliJU\IntelliJ IDEA 2021.3.2\plugins\maven\lib\maven3\bin\m2.conf"/>
    <property name="sun.jnu.encoding" value="Cp1252"/>
    <property name="java.library.path" value="C:\Program Files\Zulu\zulu-11\bin;C:\WINDOWS\Sun\Java\bin;C:\WINDOWS\system32;C:\WINDOWS;C:\Program Files\Zulu\zulu-11\bin\;C:\Python37\Scripts\;C:\Python37\;C:\WINDOWS\system32;C:\WINDOWS;C:\WINDOWS\System32\Wbem;C:\WINDOWS\System32\WindowsPowerShell\v1.0\;C:\WINDOWS\System32\OpenSSH\;C:\softwares_installed\WinSCP\;C:\Program Files\Git\cmd;C:\Program Files\Microsoft VS Code\bin;C:\Program Files\PuTTY\;C:\Program Files\Microsoft SQL Server\150\Tools\Binn\;C:\Program Files\Microsoft SQL Server\Client SDK\ODBC\170\Tools\Binn\;C:\Program Files\dotnet\;C:\softwares_installed\Maven\apache-maven-3.8.6\bin;C:\Users\c56827a\AppData\Local\Microsoft\WindowsApps;;C:\softwares_installed\IntelliJ_Community\IntelliJ IDEA Community Edition 2021.3.2\bin;;C:\softwares_installed\IntelliJU\IntelliJ IDEA 2021.3.2\bin;;."/>
    <property name="maven.conf" value="C:\softwares_installed\IntelliJU\IntelliJ IDEA 2021.3.2\plugins\maven\lib\maven3/conf"/>
    <property name="jdk.debug" value="release"/>
    <property name="java.class.version" value="55.0"/>
    <property name="java.specification.name" value="Java Platform API Specification"/>
    <property name="sun.management.compiler" value="HotSpot 64-Bit Tiered Compilers"/>
    <property name="os.version" value="10.0"/>
    <property name="maven.wagon.http.ssl.allowall" value="true"/>
    <property name="user.home" value="C:\Users\c56827a"/>
    <property name="user.timezone" value="Asia/Calcutta"/>
    <property name="java.awt.printerjob" value="sun.awt.windows.WPrinterJob"/>
    <property name="file.encoding" value="UTF-8"/>
    <property name="java.specification.version" value="11"/>
    <property name="user.name" value="C56827A"/>
    <property name="java.class.path" value="C:\softwares_installed\IntelliJU\IntelliJ IDEA 2021.3.2\plugins\maven\lib\maven3\boot\plexus-classworlds-2.6.0.jar;C:\softwares_installed\IntelliJU\IntelliJ IDEA 2021.3.2\plugins\maven\lib\maven3\boot\plexus-classworlds.license"/>
    <property name="java.vm.specification.version" value="11"/>
    <property name="sun.arch.data.model" value="64"/>
    <property name="sun.java.command" value="org.codehaus.classworlds.Launcher -Didea.version=2021.3.2 install"/>
    <property name="java.home" value="C:\Program Files\Zulu\zulu-11"/>
    <property name="user.language" value="en"/>
    <property name="java.specification.vendor" value="Oracle Corporation"/>
    <property name="awt.toolkit" value="sun.awt.windows.WToolkit"/>
    <property name="java.vm.info" value="mixed mode"/>
    <property name="java.version" value="11.0.14"/>
    <property name="maven.wagon.http.ssl.ignore.validity.dates" value="true"/>
    <property name="java.vendor" value="Azul Systems, Inc."/>
    <property name="maven.home" value="C:\softwares_installed\IntelliJU\IntelliJ IDEA 2021.3.2\plugins\maven\lib\maven3"/>
    <property name="file.separator" value="\"/>
    <property name="java.version.date" value="2022-01-18"/>
    <property name="java.vendor.url.bug" value="http://www.azul.com/support/"/>
    <property name="sun.io.unicode.encoding" value="UnicodeLittle"/>
    <property name="sun.cpu.endian" value="little"/>
    <property name="java.vendor.version" value="Zulu11.54+23-CA"/>
    <property name="sun.desktop" value="windows"/>
    <property name="sun.cpu.isalist" value="amd64"/>
  </properties>
</testsuite>